{"level":"info","message":"✔ Database connected successfully","timestamp":"2025-12-29 18:17:02"}
{"level":"info","message":"✔ Middlewares loaded","timestamp":"2025-12-29 18:17:02"}
{"level":"info","message":"✔ Routes mounted: 0 endpoints (Add routes to increase count)","timestamp":"2025-12-29 18:17:02"}
{"level":"info","message":"✔ Server started on port 3000","timestamp":"2025-12-29 18:17:02"}
{"level":"info","message":"✔ Database connected successfully","timestamp":"2025-12-29 18:17:25"}
{"level":"info","message":"✔ Middlewares loaded","timestamp":"2025-12-29 18:17:25"}
{"level":"info","message":"✔ Routes mounted: 0 endpoints (Add routes to increase count)","timestamp":"2025-12-29 18:17:25"}
{"level":"info","message":"✔ Server started on port 3000","timestamp":"2025-12-29 18:17:25"}
undefined
undefined
undefined
undefined
{"level":"info","message":"Database connected successfully","timestamp":"2025-12-29 18:25:14"}
{"level":"info","message":"Middlewares loaded","timestamp":"2025-12-29 18:25:14"}
{"level":"info","message":"Routes mounted: 0 endpoints","timestamp":"2025-12-29 18:25:14"}
{"level":"info","message":"✔ Server started on port 3000","timestamp":"2025-12-29 18:25:14"}
{"level":"info","message":"Database connected successfully","timestamp":"2025-12-29 18:28:45"}
{"level":"info","message":"Middlewares loaded","timestamp":"2025-12-29 18:28:46"}
{"level":"info","message":"Routes mounted: 0 endpoints","timestamp":"2025-12-29 18:28:46"}
{"level":"info","message":"✔ Server started on port 3000","timestamp":"2025-12-29 18:28:46"}
{"level":"info","message":"Database connected successfully","timestamp":"2025-12-29 18:28:53"}
{"level":"info","message":"Middlewares loaded","timestamp":"2025-12-29 18:28:53"}
{"level":"info","message":"Routes mounted: 0 endpoints","timestamp":"2025-12-29 18:28:53"}
{"level":"info","message":"✔ Server started on port 8000","timestamp":"2025-12-29 18:28:53"}
{"level":"info","message":"Database connected successfully","timestamp":"2025-12-30 18:16:52"}
{"level":"info","message":"Database connected successfully","timestamp":"2025-12-30 18:16:52"}
{"level":"info","message":"Middlewares loaded","timestamp":"2025-12-30 18:16:52"}
{"level":"info","message":"Routes mounted: 0 endpoints","timestamp":"2025-12-30 18:16:52"}
{"level":"info","message":"Server started on port 3000","timestamp":"2025-12-30 18:16:52"}
{"level":"info","message":"Database connected successfully","timestamp":"2025-12-30 18:20:38"}
{"level":"info","message":"Database connected successfully","timestamp":"2025-12-30 18:20:38"}
{"level":"info","message":"Middlewares loaded","timestamp":"2025-12-30 18:20:38"}
{"level":"info","message":"Routes mounted: 0 endpoints","timestamp":"2025-12-30 18:20:38"}
{"level":"info","message":"Server started on port 3000","timestamp":"2025-12-30 18:20:38"}
{"level":"info","message":"Database connected successfully","timestamp":"2025-12-30 18:22:45"}
{"level":"info","message":"Database connected successfully","timestamp":"2025-12-30 18:22:45"}
{"level":"info","message":"Middlewares loaded","timestamp":"2025-12-30 18:22:45"}
{"level":"info","message":"Routes mounted: 0 endpoints","timestamp":"2025-12-30 18:22:45"}
{"level":"info","message":"Server started on port 3000","timestamp":"2025-12-30 18:22:45"}
{"level":"info","message":"Database connected successfully","timestamp":"2025-12-30 18:42:10"}
{"level":"info","message":"Database connected successfully","timestamp":"2025-12-30 18:42:10"}
{"level":"info","message":"Middlewares loaded","timestamp":"2025-12-30 18:42:10"}
{"level":"info","message":"Routes mounted: 0 endpoints","timestamp":"2025-12-30 18:42:10"}
{"level":"info","message":"Server started on port 3000","timestamp":"2025-12-30 18:42:10"}
